
Showing logs for build [32mcb-kubecd-environment-pr-205-15-d547j-1[0m stage [32mfrom-build-pack[0m and container [32mstep-credential-initializer-wf8s5[0m
{"level":"info","ts":1587456054.5304286,"logger":"fallback-logger","caller":"logging/config.go:69","msg":"Fetch GitHub commit ID from kodata failed: open /var/run/ko/refs/heads/0.8.0-ns-support: no such file or directory"}
{"level":"info","ts":1587456054.5311646,"logger":"fallback-logger","caller":"creds-init/main.go:40","msg":"Credentials initialized."}

Showing logs for build [32mcb-kubecd-environment-pr-205-15-d547j-1[0m stage [32mfrom-build-pack[0m and container [32mstep-working-dir-initializer-t5x6v[0m
{"level":"info","ts":1587456055.2729177,"logger":"fallback-logger","caller":"logging/config.go:69","msg":"Fetch GitHub commit ID from kodata failed: open /var/run/ko/HEAD: no such file or directory"}
{"level":"info","ts":1587456055.2755804,"logger":"fallback-logger","caller":"bash/main.go:64","msg":"Successfully executed command \"sh -c mkdir -p /workspace/source\"; output "}

Showing logs for build [32mcb-kubecd-environment-pr-205-15-d547j-1[0m stage [32mfrom-build-pack[0m and container [32mstep-place-tools[0m

Showing logs for build [32mcb-kubecd-environment-pr-205-15-d547j-1[0m stage [32mfrom-build-pack[0m and container [32mstep-git-source-cb-kubecd-environment-pr-205-15-d547j-tgrz7[0m
{"level":"info","ts":1587456060.4934664,"logger":"fallback-logger","caller":"logging/config.go:69","msg":"Fetch GitHub commit ID from kodata failed: open /var/run/ko/refs/heads/0.8.0-ns-support: no such file or directory"}
{"level":"info","ts":1587456061.5534766,"logger":"fallback-logger","caller":"git/git.go:103","msg":"Successfully cloned https://github.com/cb-kubecd/environment-pr-205-157-boot-gke-staging.git @ master in path /workspace/source"}

Showing logs for build [32mcb-kubecd-environment-pr-205-15-d547j-1[0m stage [32mfrom-build-pack[0m and container [32mstep-git-merge[0m
Using SHAs from PULL_REFS=master:20ff283107e643271ab1a9aa58af43a03d95d9a9,8:99213114ee6db2a2ac95be3c4ecda9eb80a6e72a
DEBUG: LC_ALL=C JX_LOG_LEVEL=error git fetch origin --unshallow 99213114ee6db2a2ac95be3c4ecda9eb80a6e72a: 20ff283107e643271ab1a9aa58af43a03d95d9a9:
DEBUG: ran git fetch --unshallow origin 99213114ee6db2a2ac95be3c4ecda9eb80a6e72a: 20ff283107e643271ab1a9aa58af43a03d95d9a9: in 
DEBUG: LC_ALL=C JX_LOG_LEVEL=error git branch
DEBUG: LC_ALL=C JX_LOG_LEVEL=error git checkout master
DEBUG: ran git checkout master in 
DEBUG: LC_ALL=C JX_LOG_LEVEL=error git reset --hard 20ff283107e643271ab1a9aa58af43a03d95d9a9
DEBUG: ran git reset --hard 20ff283107e643271ab1a9aa58af43a03d95d9a9 in 
DEBUG: LC_ALL=C JX_LOG_LEVEL=error git clean -fd .
DEBUG: ran clean --force -d . in 
DEBUG: LC_ALL=C JX_LOG_LEVEL=error git merge 99213114ee6db2a2ac95be3c4ecda9eb80a6e72a
DEBUG: ran git merge 99213114ee6db2a2ac95be3c4ecda9eb80a6e72a in 
DEBUG: LC_ALL=C JX_LOG_LEVEL=error git log --format=%H%x1f%an%x1f%ae%x1f%cn%x1f%ce%x1f%s%n%b%x1e 20ff283107e643271ab1a9aa58af43a03d95d9a9..HEAD
Merged SHA 99213114ee6db2a2ac95be3c4ecda9eb80a6e72a with commit message 'chore: Promote bdd-nh-import-1587454020 to version 0.0.1' into base branch master

Showing logs for build [32mcb-kubecd-environment-pr-205-15-d547j-1[0m stage [32mfrom-build-pack[0m and container [32mstep-build-helm-build[0m
WARNING: No $CHART_REPOSITORY defined so using the default value of: http://jenkins-x-chartmuseum:8080
Adding missing Helm repo: storage.googleapis.com https://storage.googleapis.com/chartmuseum.jenkins-x.io
WARNING: No secrets found on "helm/repos" due: reading the secret "helm/repos" from vault: no secret "helm/repos" not found in vault
Read credentials for https://storage.googleapis.com/chartmuseum.jenkins-x.io from vault helm/repos
Successfully added Helm repository storage.googleapis.com.
Adding missing Helm repo: jenkins-x-chartmuseum http://jenkins-x-chartmuseum:8080
WARNING: No secrets found on "helm/repos" due: reading the secret "helm/repos" from vault: no secret "helm/repos" not found in vault
Read credentials for http://jenkins-x-chartmuseum:8080 from vault helm/repos
Successfully added Helm repository jenkins-x-chartmuseum.
WARNING: No $CHART_REPOSITORY defined so using the default value of: http://jenkins-x-chartmuseum:8080
Adding missing Helm repo: chartmuseum.jenkins-x.io http://chartmuseum.jenkins-x.io
WARNING: No secrets found on "helm/repos" due: reading the secret "helm/repos" from vault: no secret "helm/repos" not found in vault
Read credentials for http://chartmuseum.jenkins-x.io from vault helm/repos
Successfully added Helm repository chartmuseum.jenkins-x.io.
