
Showing logs for build [32mcb-kubecd-environment-pr-205-15-qbcmm-1[0m stage [32mfrom-build-pack[0m and container [32mstep-credential-initializer-hp57f[0m
{"level":"info","ts":1587450800.4456906,"logger":"fallback-logger","caller":"logging/config.go:69","msg":"Fetch GitHub commit ID from kodata failed: open /var/run/ko/refs/heads/0.8.0-ns-support: no such file or directory"}
{"level":"info","ts":1587450800.4486046,"logger":"fallback-logger","caller":"creds-init/main.go:40","msg":"Credentials initialized."}

Showing logs for build [32mcb-kubecd-environment-pr-205-15-qbcmm-1[0m stage [32mfrom-build-pack[0m and container [32mstep-working-dir-initializer-bjv7v[0m
{"level":"info","ts":1587450801.229863,"logger":"fallback-logger","caller":"logging/config.go:69","msg":"Fetch GitHub commit ID from kodata failed: open /var/run/ko/HEAD: no such file or directory"}
{"level":"info","ts":1587450801.2313223,"logger":"fallback-logger","caller":"bash/main.go:64","msg":"Successfully executed command \"sh -c mkdir -p /workspace/source\"; output "}

Showing logs for build [32mcb-kubecd-environment-pr-205-15-qbcmm-1[0m stage [32mfrom-build-pack[0m and container [32mstep-place-tools[0m

Showing logs for build [32mcb-kubecd-environment-pr-205-15-qbcmm-1[0m stage [32mfrom-build-pack[0m and container [32mstep-git-source-cb-kubecd-environment-pr-205-15-qbcmm-j5b5b[0m
{"level":"info","ts":1587450807.521577,"logger":"fallback-logger","caller":"logging/config.go:69","msg":"Fetch GitHub commit ID from kodata failed: open /var/run/ko/refs/heads/0.8.0-ns-support: no such file or directory"}
{"level":"info","ts":1587450808.5794895,"logger":"fallback-logger","caller":"git/git.go:103","msg":"Successfully cloned https://github.com/cb-kubecd/environment-pr-205-157-boot-gke-staging.git @ master in path /workspace/source"}

Showing logs for build [32mcb-kubecd-environment-pr-205-15-qbcmm-1[0m stage [32mfrom-build-pack[0m and container [32mstep-git-merge[0m
Using SHAs from PULL_REFS=master:ac4d89b335fbfb607aad4e0a44f1cac66950be76,1:d3bd839473b55f709474987282906811dccdaff2
DEBUG: LC_ALL=C JX_LOG_LEVEL=error git fetch origin --unshallow d3bd839473b55f709474987282906811dccdaff2: ac4d89b335fbfb607aad4e0a44f1cac66950be76:
DEBUG: ran git fetch --unshallow origin d3bd839473b55f709474987282906811dccdaff2: ac4d89b335fbfb607aad4e0a44f1cac66950be76: in 
DEBUG: LC_ALL=C JX_LOG_LEVEL=error git branch
DEBUG: LC_ALL=C JX_LOG_LEVEL=error git checkout master
DEBUG: ran git checkout master in 
DEBUG: LC_ALL=C JX_LOG_LEVEL=error git reset --hard ac4d89b335fbfb607aad4e0a44f1cac66950be76
DEBUG: ran git reset --hard ac4d89b335fbfb607aad4e0a44f1cac66950be76 in 
DEBUG: LC_ALL=C JX_LOG_LEVEL=error git clean -fd .
DEBUG: ran clean --force -d . in 
DEBUG: LC_ALL=C JX_LOG_LEVEL=error git merge d3bd839473b55f709474987282906811dccdaff2
DEBUG: ran git merge d3bd839473b55f709474987282906811dccdaff2 in 
DEBUG: JX_LOG_LEVEL=error LC_ALL=C git log --format=%H%x1f%an%x1f%ae%x1f%cn%x1f%ce%x1f%s%n%b%x1e ac4d89b335fbfb607aad4e0a44f1cac66950be76..HEAD
Merged SHA d3bd839473b55f709474987282906811dccdaff2 with commit message 'chore: Promote bdd-spring-1587450465 to version 0.0.1' into base branch master

Showing logs for build [32mcb-kubecd-environment-pr-205-15-qbcmm-1[0m stage [32mfrom-build-pack[0m and container [32mstep-build-helm-build[0m
WARNING: No $CHART_REPOSITORY defined so using the default value of: http://jenkins-x-chartmuseum:8080
Adding missing Helm repo: storage.googleapis.com https://storage.googleapis.com/chartmuseum.jenkins-x.io
WARNING: No secrets found on "helm/repos" due: reading the secret "helm/repos" from vault: no secret "helm/repos" not found in vault
Read credentials for https://storage.googleapis.com/chartmuseum.jenkins-x.io from vault helm/repos
Successfully added Helm repository storage.googleapis.com.
Adding missing Helm repo: jenkins-x-chartmuseum http://jenkins-x-chartmuseum:8080
WARNING: No secrets found on "helm/repos" due: reading the secret "helm/repos" from vault: no secret "helm/repos" not found in vault
Read credentials for http://jenkins-x-chartmuseum:8080 from vault helm/repos
Successfully added Helm repository jenkins-x-chartmuseum.
WARNING: No $CHART_REPOSITORY defined so using the default value of: http://jenkins-x-chartmuseum:8080
Adding missing Helm repo: chartmuseum.jenkins-x.io http://chartmuseum.jenkins-x.io
WARNING: No secrets found on "helm/repos" due: reading the secret "helm/repos" from vault: no secret "helm/repos" not found in vault
Read credentials for http://chartmuseum.jenkins-x.io from vault helm/repos
Successfully added Helm repository chartmuseum.jenkins-x.io.
