
Showing logs for build [32mcb-kubecd-environment-pr-205-15-jqsv4-1[0m stage [32mfrom-build-pack[0m and container [32mstep-credential-initializer-qcrlf[0m
{"level":"info","ts":1587451959.07754,"logger":"fallback-logger","caller":"logging/config.go:69","msg":"Fetch GitHub commit ID from kodata failed: open /var/run/ko/refs/heads/0.8.0-ns-support: no such file or directory"}
{"level":"info","ts":1587451959.0784469,"logger":"fallback-logger","caller":"creds-init/main.go:40","msg":"Credentials initialized."}

Showing logs for build [32mcb-kubecd-environment-pr-205-15-jqsv4-1[0m stage [32mfrom-build-pack[0m and container [32mstep-working-dir-initializer-vllmv[0m
{"level":"info","ts":1587451960.2300153,"logger":"fallback-logger","caller":"logging/config.go:69","msg":"Fetch GitHub commit ID from kodata failed: open /var/run/ko/HEAD: no such file or directory"}
{"level":"info","ts":1587451960.2369804,"logger":"fallback-logger","caller":"bash/main.go:64","msg":"Successfully executed command \"sh -c mkdir -p /workspace/source\"; output "}

Showing logs for build [32mcb-kubecd-environment-pr-205-15-jqsv4-1[0m stage [32mfrom-build-pack[0m and container [32mstep-place-tools[0m

Showing logs for build [32mcb-kubecd-environment-pr-205-15-jqsv4-1[0m stage [32mfrom-build-pack[0m and container [32mstep-git-source-cb-kubecd-environment-pr-205-15-jqsv4-tfqjz[0m
{"level":"info","ts":1587451965.3216085,"logger":"fallback-logger","caller":"logging/config.go:69","msg":"Fetch GitHub commit ID from kodata failed: open /var/run/ko/refs/heads/0.8.0-ns-support: no such file or directory"}
{"level":"info","ts":1587451966.4416194,"logger":"fallback-logger","caller":"git/git.go:103","msg":"Successfully cloned https://github.com/cb-kubecd/environment-pr-205-157-boot-gke-staging.git @ master in path /workspace/source"}

Showing logs for build [32mcb-kubecd-environment-pr-205-15-jqsv4-1[0m stage [32mfrom-build-pack[0m and container [32mstep-git-merge[0m
Using SHAs from PULL_REFS=master:407a0f56c7a1f32c6fc8aba9cc5eb13844b99783,2:cc846938bd1c69ccc099e6fb5850115d58f27730
DEBUG: LC_ALL=C JX_LOG_LEVEL=error git fetch origin --unshallow cc846938bd1c69ccc099e6fb5850115d58f27730: 407a0f56c7a1f32c6fc8aba9cc5eb13844b99783:
DEBUG: ran git fetch --unshallow origin cc846938bd1c69ccc099e6fb5850115d58f27730: 407a0f56c7a1f32c6fc8aba9cc5eb13844b99783: in 
DEBUG: JX_LOG_LEVEL=error LC_ALL=C git branch
DEBUG: LC_ALL=C JX_LOG_LEVEL=error git checkout master
DEBUG: ran git checkout master in 
DEBUG: LC_ALL=C JX_LOG_LEVEL=error git reset --hard 407a0f56c7a1f32c6fc8aba9cc5eb13844b99783
DEBUG: ran git reset --hard 407a0f56c7a1f32c6fc8aba9cc5eb13844b99783 in 
DEBUG: LC_ALL=C JX_LOG_LEVEL=error git clean -fd .
DEBUG: ran clean --force -d . in 
DEBUG: LC_ALL=C JX_LOG_LEVEL=error git merge cc846938bd1c69ccc099e6fb5850115d58f27730
DEBUG: ran git merge cc846938bd1c69ccc099e6fb5850115d58f27730 in 
DEBUG: JX_LOG_LEVEL=error LC_ALL=C git log --format=%H%x1f%an%x1f%ae%x1f%cn%x1f%ce%x1f%s%n%b%x1e 407a0f56c7a1f32c6fc8aba9cc5eb13844b99783..HEAD
Merged SHA cc846938bd1c69ccc099e6fb5850115d58f27730 with commit message 'chore: Promote bdd-gh-1587451650 to version 0.0.1' into base branch master

Showing logs for build [32mcb-kubecd-environment-pr-205-15-jqsv4-1[0m stage [32mfrom-build-pack[0m and container [32mstep-build-helm-build[0m
WARNING: No $CHART_REPOSITORY defined so using the default value of: http://jenkins-x-chartmuseum:8080
Adding missing Helm repo: storage.googleapis.com https://storage.googleapis.com/chartmuseum.jenkins-x.io
WARNING: No secrets found on "helm/repos" due: reading the secret "helm/repos" from vault: no secret "helm/repos" not found in vault
Read credentials for https://storage.googleapis.com/chartmuseum.jenkins-x.io from vault helm/repos
Successfully added Helm repository storage.googleapis.com.
Adding missing Helm repo: jenkins-x-chartmuseum http://jenkins-x-chartmuseum:8080
WARNING: No secrets found on "helm/repos" due: reading the secret "helm/repos" from vault: no secret "helm/repos" not found in vault
Read credentials for http://jenkins-x-chartmuseum:8080 from vault helm/repos
Successfully added Helm repository jenkins-x-chartmuseum.
WARNING: No $CHART_REPOSITORY defined so using the default value of: http://jenkins-x-chartmuseum:8080
Adding missing Helm repo: chartmuseum.jenkins-x.io http://chartmuseum.jenkins-x.io
WARNING: No secrets found on "helm/repos" due: reading the secret "helm/repos" from vault: no secret "helm/repos" not found in vault
Read credentials for http://chartmuseum.jenkins-x.io from vault helm/repos
Successfully added Helm repository chartmuseum.jenkins-x.io.
