
Showing logs for build [32mcb-kubecd-environment-pr-205-15-mpk5l-1[0m stage [32mfrom-build-pack[0m and container [32mstep-credential-initializer-2tcvs[0m
{"level":"info","ts":1587454872.3968158,"logger":"fallback-logger","caller":"logging/config.go:69","msg":"Fetch GitHub commit ID from kodata failed: open /var/run/ko/refs/heads/0.8.0-ns-support: no such file or directory"}
{"level":"info","ts":1587454872.3974926,"logger":"fallback-logger","caller":"creds-init/main.go:40","msg":"Credentials initialized."}

Showing logs for build [32mcb-kubecd-environment-pr-205-15-mpk5l-1[0m stage [32mfrom-build-pack[0m and container [32mstep-working-dir-initializer-h6pfp[0m
{"level":"info","ts":1587454873.4771187,"logger":"fallback-logger","caller":"logging/config.go:69","msg":"Fetch GitHub commit ID from kodata failed: open /var/run/ko/HEAD: no such file or directory"}
{"level":"info","ts":1587454873.4831574,"logger":"fallback-logger","caller":"bash/main.go:64","msg":"Successfully executed command \"sh -c mkdir -p /workspace/source\"; output "}

Showing logs for build [32mcb-kubecd-environment-pr-205-15-mpk5l-1[0m stage [32mfrom-build-pack[0m and container [32mstep-place-tools[0m

Showing logs for build [32mcb-kubecd-environment-pr-205-15-mpk5l-1[0m stage [32mfrom-build-pack[0m and container [32mstep-git-source-cb-kubecd-environment-pr-205-15-mpk5l-6nxf8[0m
{"level":"info","ts":1587454878.6902893,"logger":"fallback-logger","caller":"logging/config.go:69","msg":"Fetch GitHub commit ID from kodata failed: open /var/run/ko/refs/heads/0.8.0-ns-support: no such file or directory"}
{"level":"info","ts":1587454879.8304265,"logger":"fallback-logger","caller":"git/git.go:103","msg":"Successfully cloned https://github.com/cb-kubecd/environment-pr-205-157-boot-gke-staging.git @ master in path /workspace/source"}

Showing logs for build [32mcb-kubecd-environment-pr-205-15-mpk5l-1[0m stage [32mfrom-build-pack[0m and container [32mstep-git-merge[0m
Using SHAs from PULL_REFS=master:342ffc5ae9848452c10b98aba92b39c943fa2bcc,6:2ae1cfd56ea5ccde6683f9a03ba0fda5f7a7ae8d
DEBUG: LC_ALL=C JX_LOG_LEVEL=error git fetch origin --unshallow 2ae1cfd56ea5ccde6683f9a03ba0fda5f7a7ae8d: 342ffc5ae9848452c10b98aba92b39c943fa2bcc:
DEBUG: ran git fetch --unshallow origin 2ae1cfd56ea5ccde6683f9a03ba0fda5f7a7ae8d: 342ffc5ae9848452c10b98aba92b39c943fa2bcc: in 
DEBUG: LC_ALL=C JX_LOG_LEVEL=error git branch
DEBUG: LC_ALL=C JX_LOG_LEVEL=error git checkout master
DEBUG: ran git checkout master in 
DEBUG: JX_LOG_LEVEL=error LC_ALL=C git reset --hard 342ffc5ae9848452c10b98aba92b39c943fa2bcc
DEBUG: ran git reset --hard 342ffc5ae9848452c10b98aba92b39c943fa2bcc in 
DEBUG: LC_ALL=C JX_LOG_LEVEL=error git clean -fd .
DEBUG: ran clean --force -d . in 
DEBUG: LC_ALL=C JX_LOG_LEVEL=error git merge 2ae1cfd56ea5ccde6683f9a03ba0fda5f7a7ae8d
DEBUG: ran git merge 2ae1cfd56ea5ccde6683f9a03ba0fda5f7a7ae8d in 
DEBUG: LC_ALL=C JX_LOG_LEVEL=error git log --format=%H%x1f%an%x1f%ae%x1f%cn%x1f%ce%x1f%s%n%b%x1e 342ffc5ae9848452c10b98aba92b39c943fa2bcc..HEAD
Merged SHA 2ae1cfd56ea5ccde6683f9a03ba0fda5f7a7ae8d with commit message 'chore: Promote bdd-sbhg-import-1587454020 to version 0.0.1' into base branch master

Showing logs for build [32mcb-kubecd-environment-pr-205-15-mpk5l-1[0m stage [32mfrom-build-pack[0m and container [32mstep-build-helm-build[0m
WARNING: No $CHART_REPOSITORY defined so using the default value of: http://jenkins-x-chartmuseum:8080
Adding missing Helm repo: storage.googleapis.com https://storage.googleapis.com/chartmuseum.jenkins-x.io
WARNING: No secrets found on "helm/repos" due: reading the secret "helm/repos" from vault: no secret "helm/repos" not found in vault
Read credentials for https://storage.googleapis.com/chartmuseum.jenkins-x.io from vault helm/repos
Successfully added Helm repository storage.googleapis.com.
Adding missing Helm repo: jenkins-x-chartmuseum http://jenkins-x-chartmuseum:8080
WARNING: No secrets found on "helm/repos" due: reading the secret "helm/repos" from vault: no secret "helm/repos" not found in vault
Read credentials for http://jenkins-x-chartmuseum:8080 from vault helm/repos
Successfully added Helm repository jenkins-x-chartmuseum.
WARNING: No $CHART_REPOSITORY defined so using the default value of: http://jenkins-x-chartmuseum:8080
Adding missing Helm repo: chartmuseum.jenkins-x.io http://chartmuseum.jenkins-x.io
WARNING: No secrets found on "helm/repos" due: reading the secret "helm/repos" from vault: no secret "helm/repos" not found in vault
Read credentials for http://chartmuseum.jenkins-x.io from vault helm/repos
Successfully added Helm repository chartmuseum.jenkins-x.io.
